{
  "RSpec": {
    "coverage": {
      "/Users/melvynsng/Google Drive/College/AY2015-16/CS169/wherewolfpro/spec/support/factory_girl.rb": [
        1,
        1,
        null
      ],
      "/Users/melvynsng/Google Drive/College/AY2015-16/CS169/wherewolfpro/app/controllers/event_controller.rb": [
        1,
        1,
        null,
        null,
        1,
        null,
        0,
        0,
        0,
        null,
        null,
        null,
        1,
        0,
        0,
        null,
        null,
        null,
        1,
        null,
        null,
        null,
        null,
        null,
        null,
        null,
        null,
        null,
        null,
        null,
        null,
        null,
        null,
        null,
        null,
        null,
        null,
        null,
        null,
        null,
        1,
        null,
        null,
        1,
        null,
        null
      ],
      "/Users/melvynsng/Google Drive/College/AY2015-16/CS169/wherewolfpro/app/controllers/application_controller.rb": [
        1,
        null,
        null,
        1,
        null
      ]
    },
    "timestamp": 1458215785
  }
}
